<?xml version="1.0" encoding="UTF-8"?>

<mule xmlns:http="http://www.mulesoft.org/schema/mule/http" xmlns="http://www.mulesoft.org/schema/mule/core"
	xmlns:doc="http://www.mulesoft.org/schema/mule/documentation"
	xmlns:xsi="http://www.w3.org/2001/XMLSchema-instance" xsi:schemaLocation="http://www.mulesoft.org/schema/mule/core http://www.mulesoft.org/schema/mule/core/current/mule.xsd
http://www.mulesoft.org/schema/mule/http http://www.mulesoft.org/schema/mule/http/current/mule-http.xsd">
	<http:listener-config name="HTTP_Listener_config" doc:name="HTTP Listener config" doc:id="39c293ce-8b6f-42f2-9fc0-7237d0908445" >
		<http:listener-connection host="0.0.0.0" port="8081" />
	</http:listener-config>
	<flow name="test-remoteFlow" doc:id="bf037070-b678-43af-b044-86b17dffdd00" >
		<http:listener doc:name="Listener" doc:id="bb080e01-b006-4208-9946-5bce7b20b953" config-ref="HTTP_Listener_config" path="/test"/>
		<logger level="INFO" doc:name="Logger" doc:id="badd4462-5af0-4c88-a0b8-c991035cb94d" message='"test"'/>
		<logger level="INFO" doc:name="Logger1" doc:id="cc85bd64-5ce2-45fd-9090-7e53be02a7ba" message='"logger1"'/>
		<logger level="INFO" doc:name="Logger2" doc:id="c1b7f082-0f26-443e-8c6a-fffb045bd826" message="logger2"/>
	</flow>
</mule>
